c:\users\ruskom\source\repos\firstgameonsfml\firstgameonsfml\x64\debug\vc142.pdb
c:\users\ruskom\source\repos\firstgameonsfml\firstgameonsfml\x64\debug\vc142.idb
c:\users\ruskom\source\repos\firstgameonsfml\firstgameonsfml\x64\debug\tile.obj
c:\users\ruskom\source\repos\firstgameonsfml\firstgameonsfml\x64\debug\gamemap.obj
c:\users\ruskom\source\repos\firstgameonsfml\firstgameonsfml\x64\debug\storage.obj
c:\users\ruskom\source\repos\firstgameonsfml\firstgameonsfml\x64\debug\entity.obj
c:\users\ruskom\source\repos\firstgameonsfml\firstgameonsfml\x64\debug\debug.obj
c:\users\ruskom\source\repos\firstgameonsfml\firstgameonsfml\x64\debug\player.obj
c:\users\ruskom\source\repos\firstgameonsfml\firstgameonsfml\x64\debug\animator.obj
c:\users\ruskom\source\repos\firstgameonsfml\firstgameonsfml\x64\debug\tinyxml2.obj
c:\users\ruskom\source\repos\firstgameonsfml\firstgameonsfml\x64\debug\main.obj
c:\users\ruskom\source\repos\firstgameonsfml\firstgameonsfml\x64\debug\textfield.obj
c:\users\ruskom\source\repos\firstgameonsfml\firstgameonsfml\x64\debug\mapeditor.obj
c:\users\ruskom\source\repos\firstgameonsfml\firstgameonsfml\x64\debug\enemy.obj
c:\users\ruskom\source\repos\firstgameonsfml\firstgameonsfml\x64\debug\uipanel.obj
c:\users\ruskom\source\repos\firstgameonsfml\firstgameonsfml\x64\debug\uielement.obj
c:\users\ruskom\source\repos\firstgameonsfml\x64\debug\firstgameonsfml.exe
c:\users\ruskom\source\repos\firstgameonsfml\x64\debug\firstgameonsfml.ilk
c:\users\ruskom\source\repos\firstgameonsfml\x64\debug\firstgameonsfml.pdb
c:\users\ruskom\source\repos\firstgameonsfml\firstgameonsfml\x64\debug\uipanel.obj.enc
c:\users\ruskom\source\repos\firstgameonsfml\firstgameonsfml\x64\debug\msxml6.tli
c:\users\ruskom\source\repos\firstgameonsfml\firstgameonsfml\x64\debug\msxml6.tlh
c:\users\ruskom\source\repos\firstgameonsfml\firstgameonsfml\x64\debug\firstgameonsfml.tlog\cl.command.1.tlog
c:\users\ruskom\source\repos\firstgameonsfml\firstgameonsfml\x64\debug\firstgameonsfml.tlog\cl.read.1.tlog
c:\users\ruskom\source\repos\firstgameonsfml\firstgameonsfml\x64\debug\firstgameonsfml.tlog\cl.write.1.tlog
c:\users\ruskom\source\repos\firstgameonsfml\firstgameonsfml\x64\debug\firstgameonsfml.tlog\link.command.1.tlog
c:\users\ruskom\source\repos\firstgameonsfml\firstgameonsfml\x64\debug\firstgameonsfml.tlog\link.read.1.tlog
c:\users\ruskom\source\repos\firstgameonsfml\firstgameonsfml\x64\debug\firstgameonsfml.tlog\link.write.1.tlog
