  GameMap.cpp
C:\Users\RusKom\source\repos\FirstGameOnSFML\FirstGameOnSFML\GameMap.cpp(26,9): warning C4244: =: преобразование "float" в "int", возможна потеря данных
C:\Users\RusKom\source\repos\FirstGameOnSFML\FirstGameOnSFML\GameMap.cpp(29,10): warning C4244: =: преобразование "float" в "int", возможна потеря данных
C:\Users\RusKom\source\repos\FirstGameOnSFML\FirstGameOnSFML\GameMap.cpp(30,25): warning C4244: аргумент: преобразование "int" в "float", возможна потеря данных
C:\Users\RusKom\source\repos\FirstGameOnSFML\FirstGameOnSFML\GameMap.cpp(30,23): warning C4244: аргумент: преобразование "int" в "float", возможна потеря данных
C:\Users\RusKom\source\repos\FirstGameOnSFML\FirstGameOnSFML\GameMap.cpp(44,66): warning C4244: аргумент: преобразование "float" в "T", возможна потеря данных
          with
          [
              T=int
          ]
C:\Users\RusKom\source\repos\FirstGameOnSFML\FirstGameOnSFML\GameMap.cpp(44,51): warning C4244: аргумент: преобразование "float" в "T", возможна потеря данных
          with
          [
              T=int
          ]
C:\Users\RusKom\source\repos\FirstGameOnSFML\FirstGameOnSFML\GameMap.cpp(44,82): warning C4244: аргумент: преобразование "float" в "int", возможна потеря данных
  Tile.cpp
  Создание кода...
  main.cpp
C:\Users\RusKom\source\repos\FirstGameOnSFML\FirstGameOnSFML\main.cpp(31,12): warning C4244: инициализация: преобразование "sf::Int64" в "int", возможна потеря данных
C:\Users\RusKom\source\repos\FirstGameOnSFML\FirstGameOnSFML\main.cpp(83,25): warning C4244: =: преобразование "int" в "float", возможна потеря данных
C:\Users\RusKom\source\repos\FirstGameOnSFML\FirstGameOnSFML\main.cpp(84,25): warning C4244: =: преобразование "int" в "float", возможна потеря данных
  FirstGameOnSFML.vcxproj -> C:\Users\RusKom\source\repos\FirstGameOnSFML\x64\Debug\FirstGameOnSFML.exe
